<?xml version="1.0" encoding="UTF-8"?>
<!-- Generated by org.testng.reporters.JUnitReportReporter -->
<testsuite hostname="seenu-PC" failures="0" tests="1" name="AppiumConfiguration" time="0.026" errors="0" timestamp="18 Sep 2018 03:09:48 GMT" skipped="0">
  <testcase classname="AppiumConfiguration" name="testcase1" time="0.026"/>
</testsuite> <!-- AppiumConfiguration -->
